<?xml version="1.0" encoding="UTF-8"?>
<!-- Generated by org.testng.reporters.JUnitReportReporter -->
<testsuite hostname="DLLAP0003" name="hbs.schoolwide.tests.Story_C5935_Test" tests="1" failures="0" timestamp="13 May 2016 05:40:42 GMT" time="39.532" errors="0">
  <testcase name="run_cukes" time="39.532" classname="hbs.schoolwide.tests.Story_C5935_Test"/>
</testsuite> <!-- hbs.schoolwide.tests.Story_C5935_Test -->
