<?xml version="1.0" encoding="UTF-8"?>
<!-- Generated by org.testng.reporters.JUnitReportReporter -->
<testsuite hostname="DLLAP0003" name="hbs.schoolwide.tests.Story_C5938_Test" tests="1" failures="0" timestamp="26 Apr 2016 12:03:47 GMT" time="57.357" errors="0">
  <testcase name="run_cukes" time="57.357" classname="hbs.schoolwide.tests.Story_C5938_Test"/>
</testsuite> <!-- hbs.schoolwide.tests.Story_C5938_Test -->
