<?xml version="1.0" encoding="UTF-8"?>
<!-- Generated by org.testng.reporters.JUnitReportReporter -->
<testsuite hostname="DLLAP0003" name="hbs.schoolwide.tests.CustomRunner" tests="1" failures="0" timestamp="26 Apr 2016 09:39:21 GMT" time="0.533" errors="0">
  <testcase name="run_cukes" time="0.533" classname="hbs.schoolwide.tests.CustomRunner"/>
</testsuite> <!-- hbs.schoolwide.tests.CustomRunner -->
